#
# There is insufficient memory for the Java Runtime Environment to continue.
# Native memory allocation (mmap) failed to map 49283072 bytes. Error detail: G1 virtual space
# Possible reasons:
#   The system is out of physical RAM or swap space
#   This process is running with CompressedOops enabled, and the Java Heap may be blocking the growth of the native heap
# Possible solutions:
#   Reduce memory load on the system
#   Increase physical memory or swap space
#   Check if swap backing store is full
#   Decrease Java heap size (-Xmx/-Xms)
#   Decrease number of Java threads
#   Decrease Java thread stack sizes (-Xss)
#   Set larger code cache with -XX:ReservedCodeCacheSize=
#   JVM is running with Unscaled Compressed Oops mode in which the Java heap is
#     placed in the first 4GB address space. The Java Heap base address is the
#     maximum limit for the native heap growth. Please use -XX:HeapBaseMinAddress
#     to set the Java Heap base and to place the Java Heap above 4GB virtual address.
# This output file may be truncated or incomplete.
#
#  Out of Memory Error (os_windows.cpp:3825), pid=8924, tid=8908
#
# JRE version: OpenJDK Runtime Environment (17.0.11) (build 17.0.11+0--11852314)
# Java VM: OpenJDK 64-Bit Server VM (17.0.11+0--11852314, mixed mode, tiered, compressed oops, compressed class ptrs, g1 gc, windows-amd64)
# No core dump will be written. Minidumps are not enabled by default on client versions of Windows
#

---------------  S U M M A R Y ------------

Command Line: org.jetbrains.kotlin.cli.jvm.K2JVMCompiler @C:\Users\HP\Desktop\MVVM\app\build\20241114_6999729789441810431.compiler.options

Host: Intel(R) Core(TM) i5-6300U CPU @ 2.40GHz, 4 cores, 7G,  Windows 10 , 64 bit Build 19041 (10.0.19041.5072)
Time: Thu Nov 14 21:46:52 2024 Pacific Standard Time elapsed time: 8.798435 seconds (0d 0h 0m 8s)

---------------  T H R E A D  ---------------

Current thread (0x00000259a0e09da0):  VMThread "VM Thread" [stack: 0x000000e8a9700000,0x000000e8a9800000] [id=8908]

Stack: [0x000000e8a9700000,0x000000e8a9800000]
Native frames: (J=compiled Java code, j=interpreted, Vv=VM code, C=native code)
V  [jvm.dll+0x687bb9]
V  [jvm.dll+0x84142a]
V  [jvm.dll+0x8430ae]
V  [jvm.dll+0x843713]
V  [jvm.dll+0x24a35f]
V  [jvm.dll+0x684989]
V  [jvm.dll+0x67923a]
V  [jvm.dll+0x30af0b]
V  [jvm.dll+0x3123b6]
V  [jvm.dll+0x361dfe]
V  [jvm.dll+0x36202f]
V  [jvm.dll+0x2e0d38]
V  [jvm.dll+0x2df144]
V  [jvm.dll+0x2de74c]
V  [jvm.dll+0x32305b]
V  [jvm.dll+0x847e0b]
V  [jvm.dll+0x848b42]
V  [jvm.dll+0x84905d]
V  [jvm.dll+0x849434]
V  [jvm.dll+0x849500]
V  [jvm.dll+0x7efa4a]
V  [jvm.dll+0x686a35]
C  [ucrtbase.dll+0x21bb2]
C  [KERNEL32.DLL+0x17374]
C  [ntdll.dll+0x4cc91]

VM_Operation (0x000000e8a91f4d00): G1CollectForAllocation, mode: safepoint, requested by thread 0x00000259879112e0


---------------  P R O C E S S  ---------------

Threads class SMR info:
_java_thread_list=0x00000259a586e1c0, length=13, elements={
0x00000259879112e0, 0x00000259a0e0e900, 0x00000259a0e0f690, 0x00000259a0e31110,
0x00000259a5121ff0, 0x00000259a51248d0, 0x00000259a51251a0, 0x00000259a5125da0,
0x00000259a519d340, 0x00000259a51a2020, 0x00000259a5296dc0, 0x00000259a529d880,
0x00000259a58653b0
}

Java Threads: ( => current thread )
  0x00000259879112e0 JavaThread "main" [_thread_blocked, id=3176, stack(0x000000e8a9100000,0x000000e8a9200000)]
  0x00000259a0e0e900 JavaThread "Reference Handler" daemon [_thread_blocked, id=7172, stack(0x000000e8a9800000,0x000000e8a9900000)]
  0x00000259a0e0f690 JavaThread "Finalizer" daemon [_thread_blocked, id=13524, stack(0x000000e8a9900000,0x000000e8a9a00000)]
  0x00000259a0e31110 JavaThread "Signal Dispatcher" daemon [_thread_blocked, id=9544, stack(0x000000e8a9a00000,0x000000e8a9b00000)]
  0x00000259a5121ff0 JavaThread "Attach Listener" daemon [_thread_blocked, id=8020, stack(0x000000e8a9b00000,0x000000e8a9c00000)]
  0x00000259a51248d0 JavaThread "Service Thread" daemon [_thread_blocked, id=13864, stack(0x000000e8a9c00000,0x000000e8a9d00000)]
  0x00000259a51251a0 JavaThread "Monitor Deflation Thread" daemon [_thread_blocked, id=13576, stack(0x000000e8a9d00000,0x000000e8a9e00000)]
  0x00000259a5125da0 JavaThread "C2 CompilerThread0" daemon [_thread_blocked, id=13668, stack(0x000000e8a9e00000,0x000000e8a9f00000)]
  0x00000259a519d340 JavaThread "C1 CompilerThread0" daemon [_thread_blocked, id=4292, stack(0x000000e8a9f00000,0x000000e8aa000000)]
  0x00000259a51a2020 JavaThread "Sweeper thread" daemon [_thread_blocked, id=12792, stack(0x000000e8aa000000,0x000000e8aa100000)]
  0x00000259a5296dc0 JavaThread "Notification Thread" daemon [_thread_blocked, id=10404, stack(0x000000e8aa100000,0x000000e8aa200000)]
  0x00000259a529d880 JavaThread "Common-Cleaner" daemon [_thread_blocked, id=4688, stack(0x000000e8aa300000,0x000000e8aa400000)]
  0x00000259a58653b0 JavaThread "C2 CompilerThread1" daemon [_thread_blocked, id=8152, stack(0x000000e8aa700000,0x000000e8aa800000)]

Other Threads:
=>0x00000259a0e09da0 VMThread "VM Thread" [stack: 0x000000e8a9700000,0x000000e8a9800000] [id=8908]
  0x00000259a0da7b90 WatcherThread [stack: 0x000000e8aa200000,0x000000e8aa300000] [id=9084]
  0x000002598796ba30 GCTaskThread "GC Thread#0" [stack: 0x000000e8a9200000,0x000000e8a9300000] [id=11076]
  0x00000259a56ab6c0 GCTaskThread "GC Thread#1" [stack: 0x000000e8aa400000,0x000000e8aa500000] [id=11980]
  0x00000259a56ab980 GCTaskThread "GC Thread#2" [stack: 0x000000e8aa500000,0x000000e8aa600000] [id=2008]
  0x00000259a5696480 GCTaskThread "GC Thread#3" [stack: 0x000000e8aa600000,0x000000e8aa700000] [id=15544]
  0x000002598797c510 ConcurrentGCThread "G1 Main Marker" [stack: 0x000000e8a9300000,0x000000e8a9400000] [id=15244]
  0x000002598797ce40 ConcurrentGCThread "G1 Conc#0" [stack: 0x000000e8a9400000,0x000000e8a9500000] [id=9060]
  0x00000259879cece0 ConcurrentGCThread "G1 Refine#0" [stack: 0x000000e8a9500000,0x000000e8a9600000] [id=15588]
  0x00000259a7249ad0 ConcurrentGCThread "G1 Refine#1" [stack: 0x000000e8aa800000,0x000000e8aa900000] [id=4284]
  0x00000259a6957120 ConcurrentGCThread "G1 Refine#2" [stack: 0x000000e8aa900000,0x000000e8aaa00000] [id=1480]
  0x00000259a0c72b00 ConcurrentGCThread "G1 Service" [stack: 0x000000e8a9600000,0x000000e8a9700000] [id=12192]

Threads with active compile tasks:
C2 CompilerThread0     8835 6410       4       org.jetbrains.kotlin.metadata.ProtoBuf$Type::getSerializedSize (393 bytes)
C1 CompilerThread0     8835 6456       3       org.jetbrains.kotlin.descriptors.FindClassInModuleKt::findNonGenericClassAcrossDependencies (62 bytes)
C2 CompilerThread1     8835 6399       4       org.jetbrains.org.objectweb.asm.ClassReader::readElementValue (1237 bytes)

VM state: at safepoint (normal execution)

VM Mutex/Monitor currently owned by a thread:  ([mutex/lock_event])
[0x000002598790c120] Threads_lock - owner thread: 0x00000259a0e09da0
[0x000002598790cfc0] Heap_lock - owner thread: 0x00000259879112e0

Heap address: 0x0000000081c00000, size: 2020 MB, Compressed Oops mode: 32-bit

CDS archive(s) not mapped
Compressed class space mapped at: 0x0000000100000000-0x0000000140000000, reserved size: 1073741824
Narrow klass base: 0x0000000000000000, Narrow klass shift: 3, Narrow klass range: 0x140000000

GC Precious Log:
 CPUs: 4 total, 4 available
 Memory: 8072M
 Large Page Support: Disabled
 NUMA Support: Disabled
 Compressed Oops: Enabled (32-bit)
 Heap Region Size: 1M
 Heap Min Capacity: 8M
 Heap Initial Capacity: 128M
 Heap Max Capacity: 2020M
 Pre-touch: Disabled
 Parallel Workers: 4
 Concurrent Workers: 1
 Concurrent Refinement Workers: 4
 Periodic GC: Disabled

Heap:
 garbage-first heap   total 133120K, used 48535K [0x0000000081c00000, 0x0000000100000000)
  region size 1024K, 4 young (4096K), 4 survivors (4096K)
 Metaspace       used 56585K, committed 56832K, reserved 1114112K
  class space    used 6670K, committed 6784K, reserved 1048576K

Heap Regions: E=young(eden), S=young(survivor), O=old, HS=humongous(starts), HC=humongous(continues), CS=collection set, F=free, OA=open archive, CA=closed archive, TAMS=top-at-mark-start (previous, next)
|   0|0x0000000081c00000, 0x0000000081d00000, 0x0000000081d00000|100%|HS|  |TAMS 0x0000000081d00000, 0x0000000081d00000| Complete 
|   1|0x0000000081d00000, 0x0000000081e00000, 0x0000000081e00000|100%|HC|  |TAMS 0x0000000081e00000, 0x0000000081e00000| Complete 
|   2|0x0000000081e00000, 0x0000000081f00000, 0x0000000081f00000|100%|HC|  |TAMS 0x0000000081f00000, 0x0000000081f00000| Complete 
|   3|0x0000000081f00000, 0x0000000082000000, 0x0000000082000000|100%|HC|  |TAMS 0x0000000082000000, 0x0000000082000000| Complete 
|   4|0x0000000082000000, 0x00000000820ff000, 0x0000000082100000| 99%| O|  |TAMS 0x00000000820ff000, 0x00000000820ff000| Untracked 
|   5|0x0000000082100000, 0x0000000082200000, 0x0000000082200000|100%| O|  |TAMS 0x0000000082200000, 0x0000000082200000| Untracked 
|   6|0x0000000082200000, 0x0000000082300000, 0x0000000082300000|100%| O|  |TAMS 0x0000000082300000, 0x0000000082300000| Untracked 
|   7|0x0000000082300000, 0x0000000082400000, 0x0000000082400000|100%| O|  |TAMS 0x0000000082400000, 0x0000000082400000| Untracked 
|   8|0x0000000082400000, 0x0000000082500000, 0x0000000082500000|100%| O|  |TAMS 0x0000000082500000, 0x0000000082500000| Untracked 
|   9|0x0000000082500000, 0x0000000082600000, 0x0000000082600000|100%| O|  |TAMS 0x0000000082600000, 0x0000000082600000| Untracked 
|  10|0x0000000082600000, 0x0000000082700000, 0x0000000082700000|100%| O|  |TAMS 0x0000000082700000, 0x0000000082700000| Untracked 
|  11|0x0000000082700000, 0x0000000082800000, 0x0000000082800000|100%| O|  |TAMS 0x0000000082800000, 0x0000000082800000| Untracked 
|  12|0x0000000082800000, 0x0000000082900000, 0x0000000082900000|100%| O|  |TAMS 0x0000000082900000, 0x0000000082900000| Untracked 
|  13|0x0000000082900000, 0x0000000082a00000, 0x0000000082a00000|100%| O|  |TAMS 0x0000000082a00000, 0x0000000082a00000| Untracked 
|  14|0x0000000082a00000, 0x0000000082b00000, 0x0000000082b00000|100%| O|  |TAMS 0x0000000082b00000, 0x0000000082b00000| Untracked 
|  15|0x0000000082b00000, 0x0000000082c00000, 0x0000000082c00000|100%| O|  |TAMS 0x0000000082c00000, 0x0000000082c00000| Untracked 
|  16|0x0000000082c00000, 0x0000000082d00000, 0x0000000082d00000|100%| O|  |TAMS 0x0000000082d00000, 0x0000000082d00000| Untracked 
|  17|0x0000000082d00000, 0x0000000082e00000, 0x0000000082e00000|100%| O|  |TAMS 0x0000000082e00000, 0x0000000082e00000| Untracked 
|  18|0x0000000082e00000, 0x0000000082f00000, 0x0000000082f00000|100%| O|  |TAMS 0x0000000082e00000, 0x0000000082f00000| Untracked 
|  19|0x0000000082f00000, 0x0000000083000000, 0x0000000083000000|100%| O|  |TAMS 0x0000000083000000, 0x0000000083000000| Untracked 
|  20|0x0000000083000000, 0x0000000083100000, 0x0000000083100000|100%|HS|  |TAMS 0x0000000083100000, 0x0000000083100000| Complete 
|  21|0x0000000083100000, 0x0000000083200000, 0x0000000083200000|100%|HC|  |TAMS 0x0000000083200000, 0x0000000083200000| Complete 
|  22|0x0000000083200000, 0x0000000083300000, 0x0000000083300000|100%| O|  |TAMS 0x0000000083300000, 0x0000000083300000| Untracked 
|  23|0x0000000083300000, 0x0000000083400000, 0x0000000083400000|100%| O|  |TAMS 0x00000000833f9e00, 0x0000000083400000| Untracked 
|  24|0x0000000083400000, 0x0000000083500000, 0x0000000083500000|100%| O|  |TAMS 0x0000000083400000, 0x0000000083500000| Untracked 
|  25|0x0000000083500000, 0x0000000083600000, 0x0000000083600000|100%| O|  |TAMS 0x0000000083500000, 0x0000000083600000| Untracked 
|  26|0x0000000083600000, 0x0000000083700000, 0x0000000083700000|100%| O|  |TAMS 0x0000000083600000, 0x0000000083700000| Untracked 
|  27|0x0000000083700000, 0x0000000083800000, 0x0000000083800000|100%| O|  |TAMS 0x0000000083700000, 0x0000000083800000| Untracked 
|  28|0x0000000083800000, 0x0000000083900000, 0x0000000083900000|100%| O|  |TAMS 0x0000000083800000, 0x0000000083900000| Untracked 
|  29|0x0000000083900000, 0x0000000083a00000, 0x0000000083a00000|100%| O|  |TAMS 0x0000000083900000, 0x0000000083a00000| Untracked 
|  30|0x0000000083a00000, 0x0000000083b00000, 0x0000000083b00000|100%| O|  |TAMS 0x0000000083a00000, 0x0000000083b00000| Untracked 
|  31|0x0000000083b00000, 0x0000000083c00000, 0x0000000083c00000|100%| O|  |TAMS 0x0000000083b00000, 0x0000000083c00000| Untracked 
|  32|0x0000000083c00000, 0x0000000083d00000, 0x0000000083d00000|100%| O|  |TAMS 0x0000000083c00000, 0x0000000083d00000| Untracked 
|  33|0x0000000083d00000, 0x0000000083e00000, 0x0000000083e00000|100%| O|  |TAMS 0x0000000083d00000, 0x0000000083e00000| Untracked 
|  34|0x0000000083e00000, 0x0000000083f00000, 0x0000000083f00000|100%| O|  |TAMS 0x0000000083e00000, 0x0000000083f00000| Untracked 
|  35|0x0000000083f00000, 0x0000000084000000, 0x0000000084000000|100%| O|  |TAMS 0x0000000083f00000, 0x0000000084000000| Untracked 
|  36|0x0000000084000000, 0x0000000084100000, 0x0000000084100000|100%| O|  |TAMS 0x0000000084000000, 0x0000000084100000| Untracked 
|  37|0x0000000084100000, 0x0000000084200000, 0x0000000084200000|100%| O|  |TAMS 0x0000000084100000, 0x00000000841b2a00| Untracked 
|  38|0x0000000084200000, 0x0000000084300000, 0x0000000084300000|100%| O|  |TAMS 0x0000000084200000, 0x0000000084200000| Untracked 
|  39|0x0000000084300000, 0x0000000084400000, 0x0000000084400000|100%| O|  |TAMS 0x0000000084300000, 0x0000000084300000| Untracked 
|  40|0x0000000084400000, 0x0000000084500000, 0x0000000084500000|100%| O|  |TAMS 0x0000000084400000, 0x0000000084400000| Untracked 
|  41|0x0000000084500000, 0x0000000084566e00, 0x0000000084600000| 40%| O|  |TAMS 0x0000000084500000, 0x0000000084500000| Untracked 
|  42|0x0000000084600000, 0x0000000084600000, 0x0000000084700000|  0%| F|  |TAMS 0x0000000084600000, 0x0000000084600000| Untracked 
|  43|0x0000000084700000, 0x0000000084700000, 0x0000000084800000|  0%| F|  |TAMS 0x0000000084700000, 0x0000000084700000| Untracked 
|  44|0x0000000084800000, 0x0000000084800000, 0x0000000084900000|  0%| F|  |TAMS 0x0000000084800000, 0x0000000084800000| Untracked 
|  45|0x0000000084900000, 0x0000000084900000, 0x0000000084a00000|  0%| F|  |TAMS 0x0000000084900000, 0x0000000084900000| Untracked 
|  46|0x0000000084a00000, 0x0000000084a00000, 0x0000000084b00000|  0%| F|  |TAMS 0x0000000084a00000, 0x0000000084a00000| Untracked 
|  47|0x0000000084b00000, 0x0000000084b00000, 0x0000000084c00000|  0%| F|  |TAMS 0x0000000084b00000, 0x0000000084b00000| Untracked 
|  48|0x0000000084c00000, 0x0000000084c00000, 0x0000000084d00000|  0%| F|  |TAMS 0x0000000084c00000, 0x0000000084c00000| Untracked 
|  49|0x0000000084d00000, 0x0000000084d00000, 0x0000000084e00000|  0%| F|  |TAMS 0x0000000084d00000, 0x0000000084d00000| Untracked 
|  50|0x0000000084e00000, 0x0000000084e00000, 0x0000000084f00000|  0%| F|  |TAMS 0x0000000084e00000, 0x0000000084e00000| Untracked 
|  51|0x0000000084f00000, 0x0000000084f00000, 0x0000000085000000|  0%| F|  |TAMS 0x0000000084f00000, 0x0000000084f00000| Untracked 
|  52|0x0000000085000000, 0x0000000085000000, 0x0000000085100000|  0%| F|  |TAMS 0x0000000085000000, 0x0000000085000000| Untracked 
|  53|0x0000000085100000, 0x0000000085200000, 0x0000000085200000|100%| S|CS|TAMS 0x0000000085100000, 0x0000000085100000| Complete 
|  54|0x0000000085200000, 0x0000000085200000, 0x0000000085300000|  0%| F|  |TAMS 0x0000000085200000, 0x0000000085200000| Untracked 
|  55|0x0000000085300000, 0x0000000085300000, 0x0000000085400000|  0%| F|  |TAMS 0x0000000085300000, 0x0000000085300000| Untracked 
|  56|0x0000000085400000, 0x0000000085400000, 0x0000000085500000|  0%| F|  |TAMS 0x0000000085400000, 0x0000000085400000| Untracked 
|  57|0x0000000085500000, 0x0000000085500000, 0x0000000085600000|  0%| F|  |TAMS 0x0000000085500000, 0x0000000085500000| Untracked 
|  58|0x0000000085600000, 0x0000000085700000, 0x0000000085700000|100%| S|CS|TAMS 0x0000000085600000, 0x0000000085600000| Complete 
|  59|0x0000000085700000, 0x0000000085800000, 0x0000000085800000|100%| S|CS|TAMS 0x0000000085700000, 0x0000000085700000| Complete 
|  60|0x0000000085800000, 0x0000000085900000, 0x0000000085900000|100%| S|CS|TAMS 0x0000000085800000, 0x0000000085800000| Complete 
|  61|0x0000000085900000, 0x0000000085900000, 0x0000000085a00000|  0%| F|  |TAMS 0x0000000085900000, 0x0000000085900000| Untracked 
|  62|0x0000000085a00000, 0x0000000085a00000, 0x0000000085b00000|  0%| F|  |TAMS 0x0000000085a00000, 0x0000000085a00000| Untracked 
|  63|0x0000000085b00000, 0x0000000085b00000, 0x0000000085c00000|  0%| F|  |TAMS 0x0000000085b00000, 0x0000000085b00000| Untracked 
|  64|0x0000000085c00000, 0x0000000085c00000, 0x0000000085d00000|  0%| F|  |TAMS 0x0000000085c00000, 0x0000000085c00000| Untracked 
|  65|0x0000000085d00000, 0x0000000085d00000, 0x0000000085e00000|  0%| F|  |TAMS 0x0000000085d00000, 0x0000000085d00000| Untracked 
|  66|0x0000000085e00000, 0x0000000085e00000, 0x0000000085f00000|  0%| F|  |TAMS 0x0000000085e00000, 0x0000000085e00000| Untracked 
|  67|0x0000000085f00000, 0x0000000085f00000, 0x0000000086000000|  0%| F|  |TAMS 0x0000000085f00000, 0x0000000085f00000| Untracked 
|  68|0x0000000086000000, 0x0000000086000000, 0x0000000086100000|  0%| F|  |TAMS 0x0000000086000000, 0x0000000086000000| Untracked 
|  69|0x0000000086100000, 0x0000000086100000, 0x0000000086200000|  0%| F|  |TAMS 0x0000000086100000, 0x0000000086100000| Untracked 
|  70|0x0000000086200000, 0x0000000086200000, 0x0000000086300000|  0%| F|  |TAMS 0x0000000086200000, 0x0000000086200000| Untracked 
|  71|0x0000000086300000, 0x0000000086300000, 0x0000000086400000|  0%| F|  |TAMS 0x0000000086300000, 0x0000000086300000| Untracked 
|  72|0x0000000086400000, 0x0000000086400000, 0x0000000086500000|  0%| F|  |TAMS 0x0000000086400000, 0x0000000086400000| Untracked 
|  73|0x0000000086500000, 0x0000000086500000, 0x0000000086600000|  0%| F|  |TAMS 0x0000000086500000, 0x0000000086500000| Untracked 
|  74|0x0000000086600000, 0x0000000086600000, 0x0000000086700000|  0%| F|  |TAMS 0x0000000086600000, 0x0000000086600000| Untracked 
|  75|0x0000000086700000, 0x0000000086700000, 0x0000000086800000|  0%| F|  |TAMS 0x0000000086700000, 0x0000000086700000| Untracked 
|  76|0x0000000086800000, 0x0000000086800000, 0x0000000086900000|  0%| F|  |TAMS 0x0000000086800000, 0x0000000086800000| Untracked 
|  77|0x0000000086900000, 0x0000000086900000, 0x0000000086a00000|  0%| F|  |TAMS 0x0000000086900000, 0x0000000086900000| Untracked 
|  78|0x0000000086a00000, 0x0000000086a00000, 0x0000000086b00000|  0%| F|  |TAMS 0x0000000086a00000, 0x0000000086a00000| Untracked 
|  79|0x0000000086b00000, 0x0000000086b00000, 0x0000000086c00000|  0%| F|  |TAMS 0x0000000086b00000, 0x0000000086b00000| Untracked 
|  80|0x0000000086c00000, 0x0000000086c00000, 0x0000000086d00000|  0%| F|  |TAMS 0x0000000086c00000, 0x0000000086c00000| Untracked 
|  81|0x0000000086d00000, 0x0000000086d00000, 0x0000000086e00000|  0%| F|  |TAMS 0x0000000086d00000, 0x0000000086d00000| Untracked 
|  82|0x0000000086e00000, 0x0000000086e00000, 0x0000000086f00000|  0%| F|  |TAMS 0x0000000086e00000, 0x0000000086e00000| Untracked 
|  83|0x0000000086f00000, 0x0000000086f00000, 0x0000000087000000|  0%| F|  |TAMS 0x0000000086f00000, 0x0000000086f00000| Untracked 
|  84|0x0000000087000000, 0x0000000087000000, 0x0000000087100000|  0%| F|  |TAMS 0x0000000087000000, 0x0000000087000000| Untracked 
|  85|0x0000000087100000, 0x0000000087100000, 0x0000000087200000|  0%| F|  |TAMS 0x0000000087100000, 0x0000000087100000| Untracked 
|  86|0x0000000087200000, 0x0000000087200000, 0x0000000087300000|  0%| F|  |TAMS 0x0000000087200000, 0x0000000087200000| Untracked 
|  87|0x0000000087300000, 0x0000000087300000, 0x0000000087400000|  0%| F|  |TAMS 0x0000000087300000, 0x0000000087300000| Untracked 
|  88|0x0000000087400000, 0x0000000087400000, 0x0000000087500000|  0%| F|  |TAMS 0x0000000087400000, 0x0000000087400000| Untracked 
|  89|0x0000000087500000, 0x0000000087500000, 0x0000000087600000|  0%| F|  |TAMS 0x0000000087500000, 0x0000000087500000| Untracked 
|  90|0x0000000087600000, 0x0000000087600000, 0x0000000087700000|  0%| F|  |TAMS 0x0000000087600000, 0x0000000087600000| Untracked 
|  91|0x0000000087700000, 0x0000000087700000, 0x0000000087800000|  0%| F|  |TAMS 0x0000000087700000, 0x0000000087700000| Untracked 
|  92|0x0000000087800000, 0x0000000087800000, 0x0000000087900000|  0%| F|  |TAMS 0x0000000087800000, 0x0000000087800000| Untracked 
|  93|0x0000000087900000, 0x0000000087900000, 0x0000000087a00000|  0%| F|  |TAMS 0x0000000087900000, 0x0000000087900000| Untracked 
|  94|0x0000000087a00000, 0x0000000087a00000, 0x0000000087b00000|  0%| F|  |TAMS 0x0000000087a00000, 0x0000000087a00000| Untracked 
|  95|0x0000000087b00000, 0x0000000087b00000, 0x0000000087c00000|  0%| F|  |TAMS 0x0000000087b00000, 0x0000000087b00000| Untracked 
|  96|0x0000000087c00000, 0x0000000087c00000, 0x0000000087d00000|  0%| F|  |TAMS 0x0000000087c00000, 0x0000000087c00000| Untracked 
|  97|0x0000000087d00000, 0x0000000087d00000, 0x0000000087e00000|  0%| F|  |TAMS 0x0000000087d00000, 0x0000000087d00000| Untracked 
|  98|0x0000000087e00000, 0x0000000087e00000, 0x0000000087f00000|  0%| F|  |TAMS 0x0000000087e00000, 0x0000000087e00000| Untracked 
|  99|0x0000000087f00000, 0x0000000087f00000, 0x0000000088000000|  0%| F|  |TAMS 0x0000000087f00000, 0x0000000087f00000| Untracked 
| 100|0x0000000088000000, 0x0000000088000000, 0x0000000088100000|  0%| F|  |TAMS 0x0000000088000000, 0x0000000088000000| Untracked 
| 101|0x0000000088100000, 0x0000000088100000, 0x0000000088200000|  0%| F|  |TAMS 0x0000000088100000, 0x0000000088100000| Untracked 
| 102|0x0000000088200000, 0x0000000088200000, 0x0000000088300000|  0%| F|  |TAMS 0x0000000088200000, 0x0000000088200000| Untracked 
| 103|0x0000000088300000, 0x0000000088300000, 0x0000000088400000|  0%| F|  |TAMS 0x0000000088300000, 0x0000000088300000| Untracked 
| 104|0x0000000088400000, 0x0000000088400000, 0x0000000088500000|  0%| F|  |TAMS 0x0000000088400000, 0x0000000088400000| Untracked 
| 105|0x0000000088500000, 0x0000000088500000, 0x0000000088600000|  0%| F|  |TAMS 0x0000000088500000, 0x0000000088500000| Untracked 
| 106|0x0000000088600000, 0x0000000088600000, 0x0000000088700000|  0%| F|  |TAMS 0x0000000088600000, 0x0000000088600000| Untracked 
| 107|0x0000000088700000, 0x0000000088700000, 0x0000000088800000|  0%| F|  |TAMS 0x0000000088700000, 0x0000000088700000| Untracked 
| 108|0x0000000088800000, 0x0000000088800000, 0x0000000088900000|  0%| F|  |TAMS 0x0000000088800000, 0x0000000088800000| Untracked 
| 109|0x0000000088900000, 0x0000000088900000, 0x0000000088a00000|  0%| F|  |TAMS 0x0000000088900000, 0x0000000088900000| Untracked 
| 110|0x0000000088a00000, 0x0000000088a00000, 0x0000000088b00000|  0%| F|  |TAMS 0x0000000088a00000, 0x0000000088a00000| Untracked 
| 111|0x0000000088b00000, 0x0000000088b00000, 0x0000000088c00000|  0%| F|  |TAMS 0x0000000088b00000, 0x0000000088b00000| Untracked 
| 112|0x0000000088c00000, 0x0000000088c00000, 0x0000000088d00000|  0%| F|  |TAMS 0x0000000088c00000, 0x0000000088c00000| Untracked 
| 113|0x0000000088d00000, 0x0000000088d00000, 0x0000000088e00000|  0%| F|  |TAMS 0x0000000088d00000, 0x0000000088d00000| Untracked 
| 114|0x0000000088e00000, 0x0000000088e00000, 0x0000000088f00000|  0%| F|  |TAMS 0x0000000088e00000, 0x0000000088e00000| Untracked 
| 115|0x0000000088f00000, 0x0000000088f00000, 0x0000000089000000|  0%| F|  |TAMS 0x0000000088f00000, 0x0000000088f00000| Untracked 
| 116|0x0000000089000000, 0x0000000089000000, 0x0000000089100000|  0%| F|  |TAMS 0x0000000089000000, 0x0000000089000000| Untracked 
| 117|0x0000000089100000, 0x0000000089100000, 0x0000000089200000|  0%| F|  |TAMS 0x0000000089100000, 0x0000000089100000| Untracked 
| 118|0x0000000089200000, 0x0000000089200000, 0x0000000089300000|  0%| F|  |TAMS 0x0000000089200000, 0x0000000089200000| Untracked 
| 119|0x0000000089300000, 0x0000000089300000, 0x0000000089400000|  0%| F|  |TAMS 0x0000000089300000, 0x0000000089300000| Untracked 
| 120|0x0000000089400000, 0x0000000089400000, 0x0000000089500000|  0%| F|  |TAMS 0x0000000089400000, 0x0000000089400000| Untracked 
| 121|0x0000000089500000, 0x0000000089500000, 0x0000000089600000|  0%| F|  |TAMS 0x0000000089500000, 0x0000000089500000| Untracked 
| 122|0x0000000089600000, 0x0000000089600000, 0x0000000089700000|  0%| F|  |TAMS 0x0000000089600000, 0x0000000089600000| Untracked 
| 123|0x0000000089700000, 0x0000000089700000, 0x0000000089800000|  0%| F|  |TAMS 0x0000000089700000, 0x0000000089700000| Untracked 
| 124|0x0000000089800000, 0x0000000089800000, 0x0000000089900000|  0%| F|  |TAMS 0x0000000089800000, 0x0000000089800000| Untracked 
| 125|0x0000000089900000, 0x0000000089900000, 0x0000000089a00000|  0%| F|  |TAMS 0x0000000089900000, 0x0000000089900000| Untracked 
| 126|0x0000000089a00000, 0x0000000089a00000, 0x0000000089b00000|  0%| F|  |TAMS 0x0000000089a00000, 0x0000000089a00000| Untracked 
| 127|0x0000000089b00000, 0x0000000089b00000, 0x0000000089c00000|  0%| F|  |TAMS 0x0000000089b00000, 0x0000000089b00000| Untracked 
|2018|0x00000000ffe00000, 0x00000000fff00000, 0x00000000fff00000|100%| O|  |TAMS 0x00000000fff00000, 0x00000000fff00000| Untracked 
|2019|0x00000000fff00000, 0x0000000100000000, 0x0000000100000000|100%| O|  |TAMS 0x0000000100000000, 0x0000000100000000| Untracked 

Card table byte_map: [0x000002599a1f0000,0x000002599a5f0000] _byte_map_base: 0x0000025999de2000

Marking Bits (Prev, Next): (CMBitMap*) 0x000002598796bf60, (CMBitMap*) 0x000002598796bfa0
 Prev Bits: [0x000002599a9f0000, 0x000002599c980000)
 Next Bits: [0x000002599c980000, 0x000002599e910000)

Polling page: 0x00000259870d0000

Metaspace:

Usage:
  Non-class:     48.74 MB used.
      Class:      6.51 MB used.
       Both:     55.26 MB used.

Virtual space:
  Non-class space:       64.00 MB reserved,      48.88 MB ( 76%) committed,  1 nodes.
      Class space:        1.00 GB reserved,       6.62 MB ( <1%) committed,  1 nodes.
             Both:        1.06 GB reserved,      55.50 MB (  5%) committed. 

Chunk freelists:
   Non-Class:  15.14 MB
       Class:  9.36 MB
        Both:  24.50 MB

MaxMetaspaceSize: unlimited
CompressedClassSpaceSize: 1.00 GB
Initial GC threshold: 21.00 MB
Current GC threshold: 82.62 MB
CDS: off
MetaspaceReclaimPolicy: balanced
 - commit_granule_bytes: 65536.
 - commit_granule_words: 8192.
 - virtual_space_node_default_size: 8388608.
 - enlarge_chunks_in_place: 1.
 - new_chunks_are_fully_committed: 0.
 - uncommit_free_chunks: 1.
 - use_allocation_guard: 0.
 - handle_deallocations: 1.


Internal statistics:

num_allocs_failed_limit: 9.
num_arena_births: 210.
num_arena_deaths: 0.
num_vsnodes_births: 2.
num_vsnodes_deaths: 0.
num_space_committed: 886.
num_space_uncommitted: 0.
num_chunks_returned_to_freelist: 9.
num_chunks_taken_from_freelist: 1909.
num_chunk_merges: 9.
num_chunk_splits: 1588.
num_chunks_enlarged: 1421.
num_inconsistent_stats: 0.

CodeHeap 'non-profiled nmethods': size=120000Kb used=2636Kb max_used=2819Kb free=117363Kb
 bounds [0x00000259928c0000, 0x0000025992b90000, 0x0000025999df0000]
CodeHeap 'profiled nmethods': size=120000Kb used=13380Kb max_used=14576Kb free=106619Kb
 bounds [0x000002598adf0000, 0x000002598bc30000, 0x0000025992320000]
CodeHeap 'non-nmethods': size=5760Kb used=1288Kb max_used=1376Kb free=4471Kb
 bounds [0x0000025992320000, 0x0000025992590000, 0x00000259928c0000]
 total_blobs=6220 nmethods=5620 adapters=511
 compilation: enabled
              stopped_count=0, restarted_count=0
 full_count=0

Compilation events (20 events):
Event: 8.768 Thread 0x00000259a519d340 nmethod 6445 0x000002598af86390 code [0x000002598af865a0, 0x000002598af86b78]
Event: 8.768 Thread 0x00000259a519d340 6446       3       org.jetbrains.kotlin.resolve.calls.results.SingleOverloadResolutionResult::getResultingCalls (11 bytes)
Event: 8.768 Thread 0x00000259a519d340 nmethod 6446 0x000002598aeb0290 code [0x000002598aeb0460, 0x000002598aeb08a8]
Event: 8.768 Thread 0x00000259a519d340 6447       3       org.jetbrains.kotlin.resolve.calls.smartcasts.DataFlowValue::<init> (107 bytes)
Event: 8.770 Thread 0x00000259a519d340 nmethod 6447 0x000002598b369e10 code [0x000002598b36a1e0, 0x000002598b36ba98]
Event: 8.770 Thread 0x00000259a519d340 6449       3       org.jetbrains.kotlin.resolve.calls.tower.PSICallResolver$ASTScopeTower::getAreContextReceiversEnabled (16 bytes)
Event: 8.770 Thread 0x00000259a519d340 nmethod 6449 0x000002598b44d210 code [0x000002598b44d3c0, 0x000002598b44d5c8]
Event: 8.770 Thread 0x00000259a519d340 6450       3       org.jetbrains.kotlin.resolve.lazy.LazyImportResolver::definitelyDoesNotContainName (85 bytes)
Event: 8.772 Thread 0x00000259a519d340 nmethod 6450 0x000002598b442b10 code [0x000002598b442e80, 0x000002598b4443a8]
Event: 8.772 Thread 0x00000259a519d340 6452       3       org.jetbrains.kotlin.load.kotlin.AbstractBinaryClassAnnotationAndConstantLoader$loadAnnotationsAndInitializers$1$MemberAnnotationVisitor::visitEnd (48 bytes)
Event: 8.772 Thread 0x00000259a519d340 nmethod 6452 0x000002598b6be290 code [0x000002598b6be440, 0x000002598b6be808]
Event: 8.772 Thread 0x00000259a519d340 6451       3       org.jetbrains.kotlin.resolve.jvm.JvmClassName::getPackageFqName (52 bytes)
Event: 8.773 Thread 0x00000259a519d340 nmethod 6451 0x000002598aeb6610 code [0x000002598aeb6820, 0x000002598aeb6c98]
Event: 8.773 Thread 0x00000259a519d340 6453       3       org.jetbrains.kotlin.types.AbstractTypeChecker::findCorrespondingSupertypes (561 bytes)
Event: 8.775 Thread 0x00000259a5125da0 nmethod 6418 0x0000025992aa4f90 code [0x0000025992aa5140, 0x0000025992aa5d48]
Event: 8.775 Thread 0x00000259a5125da0 6410       4       org.jetbrains.kotlin.metadata.ProtoBuf$Type::getSerializedSize (393 bytes)
Event: 8.778 Thread 0x00000259a519d340 nmethod 6453 0x000002598b4ed010 code [0x000002598b4ed920, 0x000002598b4f2928]
Event: 8.778 Thread 0x00000259a519d340 6454       3       org.jetbrains.kotlin.utils.addToStdlib.AddToStdlibKt::trimToSize (25 bytes)
Event: 8.779 Thread 0x00000259a519d340 nmethod 6454 0x000002598b199790 code [0x000002598b1999c0, 0x000002598b19a188]
Event: 8.779 Thread 0x00000259a519d340 6456       3       org.jetbrains.kotlin.descriptors.FindClassInModuleKt::findNonGenericClassAcrossDependencies (62 bytes)

GC Heap History (20 events):
Event: 4.214 GC heap after
{Heap after GC invocations=9 (full 0):
 garbage-first heap   total 58368K, used 20427K [0x0000000081c00000, 0x0000000100000000)
  region size 1024K, 3 young (3072K), 3 survivors (3072K)
 Metaspace       used 36060K, committed 36288K, reserved 1114112K
  class space    used 4561K, committed 4672K, reserved 1048576K
}
Event: 4.593 GC heap before
{Heap before GC invocations=10 (full 0):
 garbage-first heap   total 58368K, used 38859K [0x0000000081c00000, 0x0000000100000000)
  region size 1024K, 22 young (22528K), 3 survivors (3072K)
 Metaspace       used 40085K, committed 40384K, reserved 1114112K
  class space    used 4921K, committed 5056K, reserved 1048576K
}
Event: 4.600 GC heap after
{Heap after GC invocations=11 (full 0):
 garbage-first heap   total 58368K, used 22395K [0x0000000081c00000, 0x0000000100000000)
  region size 1024K, 3 young (3072K), 3 survivors (3072K)
 Metaspace       used 40085K, committed 40384K, reserved 1114112K
  class space    used 4921K, committed 5056K, reserved 1048576K
}
Event: 5.131 GC heap before
{Heap before GC invocations=12 (full 0):
 garbage-first heap   total 58368K, used 40827K [0x0000000081c00000, 0x0000000100000000)
  region size 1024K, 22 young (22528K), 3 survivors (3072K)
 Metaspace       used 44615K, committed 44864K, reserved 1114112K
  class space    used 5448K, committed 5568K, reserved 1048576K
}
Event: 5.141 GC heap after
{Heap after GC invocations=13 (full 0):
 garbage-first heap   total 58368K, used 24236K [0x0000000081c00000, 0x0000000100000000)
  region size 1024K, 2 young (2048K), 2 survivors (2048K)
 Metaspace       used 44615K, committed 44864K, reserved 1114112K
  class space    used 5448K, committed 5568K, reserved 1048576K
}
Event: 5.590 GC heap before
{Heap before GC invocations=13 (full 0):
 garbage-first heap   total 58368K, used 45740K [0x0000000081c00000, 0x0000000100000000)
  region size 1024K, 21 young (21504K), 2 survivors (2048K)
 Metaspace       used 47599K, committed 47808K, reserved 1114112K
  class space    used 5802K, committed 5888K, reserved 1048576K
}
Event: 5.600 GC heap after
{Heap after GC invocations=14 (full 0):
 garbage-first heap   total 58368K, used 29667K [0x0000000081c00000, 0x0000000100000000)
  region size 1024K, 3 young (3072K), 3 survivors (3072K)
 Metaspace       used 47599K, committed 47808K, reserved 1114112K
  class space    used 5802K, committed 5888K, reserved 1048576K
}
Event: 5.933 GC heap before
{Heap before GC invocations=14 (full 0):
 garbage-first heap   total 58368K, used 44003K [0x0000000081c00000, 0x0000000100000000)
  region size 1024K, 18 young (18432K), 3 survivors (3072K)
 Metaspace       used 50365K, committed 50624K, reserved 1114112K
  class space    used 6111K, committed 6208K, reserved 1048576K
}
Event: 5.943 GC heap after
{Heap after GC invocations=15 (full 0):
 garbage-first heap   total 58368K, used 32003K [0x0000000081c00000, 0x0000000100000000)
  region size 1024K, 3 young (3072K), 3 survivors (3072K)
 Metaspace       used 50365K, committed 50624K, reserved 1114112K
  class space    used 6111K, committed 6208K, reserved 1048576K
}
Event: 6.124 GC heap before
{Heap before GC invocations=16 (full 0):
 garbage-first heap   total 61440K, used 45315K [0x0000000081c00000, 0x0000000100000000)
  region size 1024K, 16 young (16384K), 3 survivors (3072K)
 Metaspace       used 50499K, committed 50752K, reserved 1114112K
  class space    used 6115K, committed 6208K, reserved 1048576K
}
Event: 6.133 GC heap after
{Heap after GC invocations=17 (full 0):
 garbage-first heap   total 61440K, used 34022K [0x0000000081c00000, 0x0000000100000000)
  region size 1024K, 2 young (2048K), 2 survivors (2048K)
 Metaspace       used 50499K, committed 50752K, reserved 1114112K
  class space    used 6115K, committed 6208K, reserved 1048576K
}
Event: 6.139 GC heap before
{Heap before GC invocations=17 (full 0):
 garbage-first heap   total 61440K, used 35046K [0x0000000081c00000, 0x0000000100000000)
  region size 1024K, 3 young (3072K), 2 survivors (2048K)
 Metaspace       used 50501K, committed 50752K, reserved 1114112K
  class space    used 6115K, committed 6208K, reserved 1048576K
}
Event: 6.144 GC heap after
{Heap after GC invocations=18 (full 0):
 garbage-first heap   total 87040K, used 33520K [0x0000000081c00000, 0x0000000100000000)
  region size 1024K, 1 young (1024K), 1 survivors (1024K)
 Metaspace       used 50501K, committed 50752K, reserved 1114112K
  class space    used 6115K, committed 6208K, reserved 1048576K
}
Event: 6.354 GC heap before
{Heap before GC invocations=18 (full 0):
 garbage-first heap   total 87040K, used 63216K [0x0000000081c00000, 0x0000000100000000)
  region size 1024K, 30 young (30720K), 1 survivors (1024K)
 Metaspace       used 50935K, committed 51200K, reserved 1114112K
  class space    used 6163K, committed 6272K, reserved 1048576K
}
Event: 6.359 GC heap after
{Heap after GC invocations=19 (full 0):
 garbage-first heap   total 87040K, used 34491K [0x0000000081c00000, 0x0000000100000000)
  region size 1024K, 2 young (2048K), 2 survivors (2048K)
 Metaspace       used 50935K, committed 51200K, reserved 1114112K
  class space    used 6163K, committed 6272K, reserved 1048576K
}
Event: 7.572 GC heap before
{Heap before GC invocations=19 (full 0):
 garbage-first heap   total 87040K, used 67259K [0x0000000081c00000, 0x0000000100000000)
  region size 1024K, 34 young (34816K), 2 survivors (2048K)
 Metaspace       used 53517K, committed 53760K, reserved 1114112K
  class space    used 6346K, committed 6464K, reserved 1048576K
}
Event: 7.589 GC heap after
{Heap after GC invocations=20 (full 0):
 garbage-first heap   total 87040K, used 40567K [0x0000000081c00000, 0x0000000100000000)
  region size 1024K, 5 young (5120K), 5 survivors (5120K)
 Metaspace       used 53517K, committed 53760K, reserved 1114112K
  class space    used 6346K, committed 6464K, reserved 1048576K
}
Event: 8.163 GC heap before
{Heap before GC invocations=20 (full 0):
 garbage-first heap   total 87040K, used 65143K [0x0000000081c00000, 0x0000000100000000)
  region size 1024K, 30 young (30720K), 5 survivors (5120K)
 Metaspace       used 54990K, committed 55232K, reserved 1114112K
  class space    used 6507K, committed 6592K, reserved 1048576K
}
Event: 8.184 GC heap after
{Heap after GC invocations=21 (full 0):
 garbage-first heap   total 87040K, used 44501K [0x0000000081c00000, 0x0000000100000000)
  region size 1024K, 4 young (4096K), 4 survivors (4096K)
 Metaspace       used 54990K, committed 55232K, reserved 1114112K
  class space    used 6507K, committed 6592K, reserved 1048576K
}
Event: 8.781 GC heap before
{Heap before GC invocations=21 (full 0):
 garbage-first heap   total 87040K, used 66005K [0x0000000081c00000, 0x0000000100000000)
  region size 1024K, 26 young (26624K), 4 survivors (4096K)
 Metaspace       used 56585K, committed 56832K, reserved 1114112K
  class space    used 6670K, committed 6784K, reserved 1048576K
}

Dll operation events (2 events):
Event: 0.067 Loaded shared library C:\Users\HP\AppData\Local\Programs\Android Studio\jbr\bin\java.dll
Event: 2.932 Loaded shared library C:\Users\HP\AppData\Local\Programs\Android Studio\jbr\bin\verify.dll

Deoptimization events (20 events):
Event: 8.451 Thread 0x00000259879112e0 Uncommon trap: trap_request=0xffffffc6 fr.pc=0x0000025992aa25e8 relative=0x00000000000004e8
Event: 8.451 Thread 0x00000259879112e0 Uncommon trap: reason=bimorphic_or_optimized_type_check action=maybe_recompile pc=0x0000025992aa25e8 method=org.jetbrains.kotlin.com.intellij.psi.impl.source.tree.TreeElement.rawRemoveUpToWithoutNotifications(Lorg/jetbrains/kotlin/com/intellij/psi/impl/so
Event: 8.451 Thread 0x00000259879112e0 DEOPT PACKING pc=0x0000025992aa25e8 sp=0x000000e8a91f9ed0
Event: 8.451 Thread 0x00000259879112e0 DEOPT UNPACKING pc=0x00000259923769a3 sp=0x000000e8a91f9e70 mode 2
Event: 8.504 Thread 0x00000259879112e0 Uncommon trap: trap_request=0xffffffc6 fr.pc=0x0000025992aa25e8 relative=0x00000000000004e8
Event: 8.504 Thread 0x00000259879112e0 Uncommon trap: reason=bimorphic_or_optimized_type_check action=maybe_recompile pc=0x0000025992aa25e8 method=org.jetbrains.kotlin.com.intellij.psi.impl.source.tree.TreeElement.rawRemoveUpToWithoutNotifications(Lorg/jetbrains/kotlin/com/intellij/psi/impl/so
Event: 8.504 Thread 0x00000259879112e0 DEOPT PACKING pc=0x0000025992aa25e8 sp=0x000000e8a91f9ed0
Event: 8.504 Thread 0x00000259879112e0 DEOPT UNPACKING pc=0x00000259923769a3 sp=0x000000e8a91f9e70 mode 2
Event: 8.607 Thread 0x00000259879112e0 Uncommon trap: trap_request=0xffffffc6 fr.pc=0x0000025992aeec08 relative=0x0000000000001148
Event: 8.607 Thread 0x00000259879112e0 Uncommon trap: reason=bimorphic_or_optimized_type_check action=maybe_recompile pc=0x0000025992aeec08 method=kotlin.collections.CollectionsKt___CollectionsKt.toList(Ljava/lang/Iterable;)Ljava/util/List; @ 71 c2
Event: 8.607 Thread 0x00000259879112e0 DEOPT PACKING pc=0x0000025992aeec08 sp=0x000000e8a91f6420
Event: 8.607 Thread 0x00000259879112e0 DEOPT UNPACKING pc=0x00000259923769a3 sp=0x000000e8a91f63f0 mode 2
Event: 8.607 Thread 0x00000259879112e0 Uncommon trap: trap_request=0xffffffde fr.pc=0x0000025992a3ab00 relative=0x00000000000000e0
Event: 8.607 Thread 0x00000259879112e0 Uncommon trap: reason=class_check action=maybe_recompile pc=0x0000025992a3ab00 method=java.util.Collections$UnmodifiableCollection$1.next()Ljava/lang/Object; @ 4 c2
Event: 8.607 Thread 0x00000259879112e0 DEOPT PACKING pc=0x0000025992a3ab00 sp=0x000000e8a91f63d0
Event: 8.607 Thread 0x00000259879112e0 DEOPT UNPACKING pc=0x00000259923769a3 sp=0x000000e8a91f6380 mode 2
Event: 8.734 Thread 0x00000259879112e0 DEOPT PACKING pc=0x000002598b66154d sp=0x000000e8a91fb620
Event: 8.734 Thread 0x00000259879112e0 DEOPT UNPACKING pc=0x0000025992377143 sp=0x000000e8a91faab0 mode 0
Event: 8.770 Thread 0x00000259879112e0 DEOPT PACKING pc=0x000002598b5736a7 sp=0x000000e8a91f3040
Event: 8.770 Thread 0x00000259879112e0 DEOPT UNPACKING pc=0x0000025992377143 sp=0x000000e8a91f2500 mode 0

Classes unloaded (0 events):
No events

Classes redefined (0 events):
No events

Internal exceptions (20 events):
Event: 2.882 Thread 0x00000259879112e0 Exception <a 'java/lang/NoSuchMethodError'{0x0000000083390680}: 'void java.lang.invoke.DirectMethodHandle$Holder.invokeStaticInit(java.lang.Object, java.lang.Object)'> (0x0000000083390680) 
thrown [s\src\hotspot\share\interpreter\linkResolver.cpp, line 771]
Event: 3.012 Thread 0x00000259879112e0 Exception <a 'java/lang/NoSuchMethodError'{0x0000000082d191c0}: 'void java.lang.invoke.DirectMethodHandle$Holder.invokeVirtual(java.lang.Object, java.lang.Object)'> (0x0000000082d191c0) 
thrown [s\src\hotspot\share\interpreter\linkResolver.cpp, line 771]
Event: 3.021 Thread 0x00000259879112e0 Exception <a 'java/lang/NoSuchMethodError'{0x0000000082d64198}: 'int java.lang.invoke.DirectMethodHandle$Holder.invokeVirtual(java.lang.Object, java.lang.Object)'> (0x0000000082d64198) 
thrown [s\src\hotspot\share\interpreter\linkResolver.cpp, line 771]
Event: 3.037 Thread 0x00000259879112e0 Exception <a 'java/lang/NoSuchMethodError'{0x0000000082dfb6e0}: 'java.lang.Object java.lang.invoke.Invokers$Holder.invokeExact_MT(java.lang.Object, java.lang.Object, java.lang.Object, java.lang.Object, java.lang.Object, java.lang.Object)'> (0x0000000082dfb6e0) 
thrown [s\src\hotspot\share\interpreter\linkResolver.cpp, line 771]
Event: 3.648 Thread 0x00000259879112e0 Implicit null exception at 0x00000259928dac72 to 0x00000259928db28c
Event: 3.820 Thread 0x00000259879112e0 Implicit null exception at 0x00000259928db8f2 to 0x00000259928dbf2c
Event: 3.887 Thread 0x00000259879112e0 Exception <a 'java/lang/NoSuchMethodError'{0x0000000083c393c0}: 'java.lang.Object java.lang.invoke.DirectMethodHandle$Holder.invokeVirtual(java.lang.Object, java.lang.Object, java.lang.Object)'> (0x0000000083c393c0) 
thrown [s\src\hotspot\share\interpreter\linkResolver.cpp, line 771]
Event: 4.822 Thread 0x00000259879112e0 Exception <a 'java/lang/NoSuchMethodError'{0x000000008477c970}: 'java.lang.Object java.lang.invoke.DirectMethodHandle$Holder.newInvokeSpecial(java.lang.Object, java.lang.Object, int)'> (0x000000008477c970) 
thrown [s\src\hotspot\share\interpreter\linkResolver.cpp, line 771]
Event: 5.047 Thread 0x00000259879112e0 Exception <a 'java/lang/NoSuchMethodError'{0x000000008420f638}: 'java.lang.Object java.lang.invoke.DirectMethodHandle$Holder.newInvokeSpecial(java.lang.Object, java.lang.Object, java.lang.Object, int)'> (0x000000008420f638) 
thrown [s\src\hotspot\share\interpreter\linkResolver.cpp, line 771]
Event: 5.047 Thread 0x00000259879112e0 Exception <a 'java/lang/NoSuchMethodError'{0x0000000084213cc0}: 'java.lang.Object java.lang.invoke.DirectMethodHandle$Holder.invokeSpecial(java.lang.Object, java.lang.Object, java.lang.Object, java.lang.Object, int)'> (0x0000000084213cc0) 
thrown [s\src\hotspot\share\interpreter\linkResolver.cpp, line 771]
Event: 5.048 Thread 0x00000259879112e0 Exception <a 'java/lang/NoSuchMethodError'{0x0000000084217b30}: 'java.lang.Object java.lang.invoke.Invokers$Holder.linkToTargetMethod(java.lang.Object, java.lang.Object, int, java.lang.Object)'> (0x0000000084217b30) 
thrown [s\src\hotspot\share\interpreter\linkResolver.cpp, line 771]
Event: 5.870 Thread 0x00000259879112e0 Exception <a 'java/lang/NoSuchMethodError'{0x00000000847e4f90}: 'java.lang.Object java.lang.invoke.DirectMethodHandle$Holder.newInvokeSpecial(java.lang.Object, java.lang.Object, java.lang.Object, java.lang.Object, java.lang.Object, java.lang.Object)'> (0x00000000847e4f90) 
thrown [s\src\hotspot\share\interpreter\linkResolver.cpp, line 771]
Event: 6.882 Thread 0x00000259879112e0 Exception <a 'java/lang/NoSuchMethodError'{0x0000000085efe990}: 'java.lang.Object java.lang.invoke.DirectMethodHandle$Holder.invokeStaticInit(java.lang.Object, java.lang.Object, java.lang.Object)'> (0x0000000085efe990) 
thrown [s\src\hotspot\share\interpreter\linkResolver.cpp, line 771]
Event: 7.853 Thread 0x00000259879112e0 Exception <a 'java/lang/NoSuchMethodError'{0x0000000086367970}: 'int java.lang.invoke.DirectMethodHandle$Holder.invokeStaticInit(java.lang.Object, int)'> (0x0000000086367970) 
thrown [s\src\hotspot\share\interpreter\linkResolver.cpp, line 771]
Event: 8.009 Thread 0x00000259879112e0 Implicit null exception at 0x0000025992ad5d20 to 0x0000025992ad6054
Event: 8.018 Thread 0x00000259879112e0 Implicit null exception at 0x0000025992ac076f to 0x0000025992ac095c
Event: 8.020 Thread 0x00000259879112e0 Implicit null exception at 0x000002599291426f to 0x000002599291444c
Event: 8.256 Thread 0x00000259879112e0 Implicit null exception at 0x0000025992b42f65 to 0x0000025992b446e0
Event: 8.256 Thread 0x00000259879112e0 Implicit null exception at 0x00000259929c2460 to 0x00000259929c24fa
Event: 8.398 Thread 0x00000259879112e0 Implicit null exception at 0x0000025992b4d940 to 0x0000025992b4d9cd

VM Operations (20 events):
Event: 8.223 Executing VM operation: HandshakeAllThreads done
Event: 8.256 Executing VM operation: HandshakeAllThreads
Event: 8.256 Executing VM operation: HandshakeAllThreads done
Event: 8.338 Executing VM operation: HandshakeAllThreads
Event: 8.338 Executing VM operation: HandshakeAllThreads done
Event: 8.338 Executing VM operation: HandshakeAllThreads
Event: 8.338 Executing VM operation: HandshakeAllThreads done
Event: 8.381 Executing VM operation: ICBufferFull
Event: 8.381 Executing VM operation: ICBufferFull done
Event: 8.437 Executing VM operation: HandshakeAllThreads
Event: 8.437 Executing VM operation: HandshakeAllThreads done
Event: 8.499 Executing VM operation: HandshakeAllThreads
Event: 8.499 Executing VM operation: HandshakeAllThreads done
Event: 8.570 Executing VM operation: ICBufferFull
Event: 8.570 Executing VM operation: ICBufferFull done
Event: 8.655 Executing VM operation: HandshakeAllThreads
Event: 8.655 Executing VM operation: HandshakeAllThreads done
Event: 8.772 Executing VM operation: ICBufferFull
Event: 8.772 Executing VM operation: ICBufferFull done
Event: 8.781 Executing VM operation: G1CollectForAllocation

Events (20 events):
Event: 8.347 Thread 0x00000259a51a2020 flushing nmethod 0x000002598b77ba90
Event: 8.347 Thread 0x00000259a51a2020 flushing nmethod 0x000002598b77da10
Event: 8.347 Thread 0x00000259a51a2020 flushing nmethod 0x000002598b791090
Event: 8.347 Thread 0x00000259a51a2020 flushing nmethod 0x000002598b7a0490
Event: 8.347 Thread 0x00000259a51a2020 flushing nmethod 0x000002598b7a7b90
Event: 8.347 Thread 0x00000259a51a2020 flushing nmethod 0x000002598b7acd10
Event: 8.347 Thread 0x00000259a51a2020 flushing nmethod 0x000002598b7c3c10
Event: 8.347 Thread 0x00000259a51a2020 flushing nmethod 0x000002598b7dbd90
Event: 8.348 Thread 0x00000259a51a2020 flushing nmethod 0x000002598b804b90
Event: 8.348 Thread 0x00000259a51a2020 flushing nmethod 0x000002598b813d10
Event: 8.348 Thread 0x00000259a51a2020 flushing nmethod 0x000002598b820410
Event: 8.348 Thread 0x00000259a51a2020 flushing nmethod 0x000002598b840790
Event: 8.348 Thread 0x00000259a51a2020 flushing nmethod 0x000002598b888290
Event: 8.348 Thread 0x00000259a51a2020 flushing nmethod 0x000002598b8afe10
Event: 8.349 Thread 0x00000259a51a2020 flushing nmethod 0x000002598b902890
Event: 8.349 Thread 0x00000259a51a2020 flushing nmethod 0x000002598b95aa90
Event: 8.349 Thread 0x00000259a51a2020 flushing nmethod 0x000002598b963790
Event: 8.349 Thread 0x00000259a51a2020 flushing nmethod 0x000002598b968310
Event: 8.349 Thread 0x00000259a51a2020 flushing nmethod 0x000002598b979510
Event: 8.349 Thread 0x00000259a51a2020 flushing nmethod 0x000002598b985d10


Dynamic libraries:
0x00007ff780e30000 - 0x00007ff780e3a000 	C:\Users\HP\AppData\Local\Programs\Android Studio\jbr\bin\java.exe
0x00007ff818b90000 - 0x00007ff818d88000 	C:\Windows\SYSTEM32\ntdll.dll
0x00007ff8170b0000 - 0x00007ff817172000 	C:\Windows\System32\KERNEL32.DLL
0x00007ff8163d0000 - 0x00007ff8166ce000 	C:\Windows\System32\KERNELBASE.dll
0x00007ff816230000 - 0x00007ff816330000 	C:\Windows\System32\ucrtbase.dll
0x00007ff804260000 - 0x00007ff80427b000 	C:\Users\HP\AppData\Local\Programs\Android Studio\jbr\bin\VCRUNTIME140.dll
0x00007ff8039f0000 - 0x00007ff803a07000 	C:\Users\HP\AppData\Local\Programs\Android Studio\jbr\bin\jli.dll
0x00007ff816f10000 - 0x00007ff8170ad000 	C:\Windows\System32\USER32.dll
0x00007ff816700000 - 0x00007ff816722000 	C:\Windows\System32\win32u.dll
0x00007ffffeb00000 - 0x00007ffffed9a000 	C:\Windows\WinSxS\amd64_microsoft.windows.common-controls_6595b64144ccf1df_6.0.19041.4355_none_60b8b9eb71f62e16\COMCTL32.dll
0x00007ff818b20000 - 0x00007ff818b4b000 	C:\Windows\System32\GDI32.dll
0x00007ff817640000 - 0x00007ff8176de000 	C:\Windows\System32\msvcrt.dll
0x00007ff8167f0000 - 0x00007ff816907000 	C:\Windows\System32\gdi32full.dll
0x00007ff816330000 - 0x00007ff8163cd000 	C:\Windows\System32\msvcp_win.dll
0x00007ff8172f0000 - 0x00007ff81731f000 	C:\Windows\System32\IMM32.DLL
0x00007ff812750000 - 0x00007ff81275c000 	C:\Users\HP\AppData\Local\Programs\Android Studio\jbr\bin\vcruntime140_1.dll
0x00007fffde020000 - 0x00007fffde0ad000 	C:\Users\HP\AppData\Local\Programs\Android Studio\jbr\bin\msvcp140.dll
0x00007fffee850000 - 0x00007fffef4d3000 	C:\Users\HP\AppData\Local\Programs\Android Studio\jbr\bin\server\jvm.dll
0x00007ff817aa0000 - 0x00007ff817b51000 	C:\Windows\System32\ADVAPI32.dll
0x00007ff8182d0000 - 0x00007ff81836f000 	C:\Windows\System32\sechost.dll
0x00007ff816d80000 - 0x00007ff816ea3000 	C:\Windows\System32\RPCRT4.dll
0x00007ff8166d0000 - 0x00007ff8166f7000 	C:\Windows\System32\bcrypt.dll
0x00007ff815fe0000 - 0x00007ff81602b000 	C:\Windows\SYSTEM32\POWRPROF.dll
0x00007fffff110000 - 0x00007fffff119000 	C:\Windows\SYSTEM32\WSOCK32.dll
0x00007ff817320000 - 0x00007ff81738b000 	C:\Windows\System32\WS2_32.dll
0x00007ffff4c50000 - 0x00007ffff4c77000 	C:\Windows\SYSTEM32\WINMM.dll
0x00007ff811410000 - 0x00007ff81141a000 	C:\Windows\SYSTEM32\VERSION.dll
0x00007ff815fc0000 - 0x00007ff815fd2000 	C:\Windows\SYSTEM32\UMPDC.dll
0x00007ff8140b0000 - 0x00007ff8140c2000 	C:\Windows\SYSTEM32\kernel.appcore.dll
0x00007ff8103e0000 - 0x00007ff8103ea000 	C:\Users\HP\AppData\Local\Programs\Android Studio\jbr\bin\jimage.dll
0x00007ff804670000 - 0x00007ff804854000 	C:\Windows\SYSTEM32\DBGHELP.DLL
0x00007ffff18d0000 - 0x00007ffff1904000 	C:\Windows\SYSTEM32\dbgcore.DLL
0x00007ff8169c0000 - 0x00007ff816a42000 	C:\Windows\System32\bcryptPrimitives.dll
0x00007ff810230000 - 0x00007ff810255000 	C:\Users\HP\AppData\Local\Programs\Android Studio\jbr\bin\java.dll
0x00007ff8101e0000 - 0x00007ff8101f8000 	C:\Users\HP\AppData\Local\Programs\Android Studio\jbr\bin\zip.dll
0x00007ff817b60000 - 0x00007ff8182cd000 	C:\Windows\System32\SHELL32.dll
0x00007ff8142b0000 - 0x00007ff814a54000 	C:\Windows\SYSTEM32\windows.storage.dll
0x00007ff817740000 - 0x00007ff817a93000 	C:\Windows\System32\combase.dll
0x00007ff815bf0000 - 0x00007ff815c1e000 	C:\Windows\SYSTEM32\Wldp.dll
0x00007ff817550000 - 0x00007ff81761d000 	C:\Windows\System32\OLEAUT32.dll
0x00007ff817240000 - 0x00007ff8172ed000 	C:\Windows\System32\SHCORE.dll
0x00007ff8176e0000 - 0x00007ff817735000 	C:\Windows\System32\shlwapi.dll
0x00007ff816160000 - 0x00007ff816184000 	C:\Windows\SYSTEM32\profapi.dll
0x00007ff804910000 - 0x00007ff804929000 	C:\Users\HP\AppData\Local\Programs\Android Studio\jbr\bin\net.dll
0x00007ff80ee30000 - 0x00007ff80ef3d000 	C:\Windows\SYSTEM32\WINHTTP.dll
0x00007ff815950000 - 0x00007ff8159ba000 	C:\Windows\system32\mswsock.dll
0x00007ff804240000 - 0x00007ff804256000 	C:\Users\HP\AppData\Local\Programs\Android Studio\jbr\bin\nio.dll
0x00007ff8041e0000 - 0x00007ff8041f0000 	C:\Users\HP\AppData\Local\Programs\Android Studio\jbr\bin\verify.dll

dbghelp: loaded successfully - version: 4.0.5 - missing functions: none
symbol engine: initialized successfully - sym options: 0x614 - pdb path: .;C:\Users\HP\AppData\Local\Programs\Android Studio\jbr\bin;C:\Windows\SYSTEM32;C:\Windows\WinSxS\amd64_microsoft.windows.common-controls_6595b64144ccf1df_6.0.19041.4355_none_60b8b9eb71f62e16;C:\Users\HP\AppData\Local\Programs\Android Studio\jbr\bin\server

VM Arguments:
java_command: org.jetbrains.kotlin.cli.jvm.K2JVMCompiler @C:\Users\HP\Desktop\MVVM\app\build\20241114_6999729789441810431.compiler.options
java_class_path (initial): C:\Users\HP\.gradle\caches\modules-2\files-2.1\org.jetbrains.kotlin\kotlin-compiler-embeddable\1.9.0\2c8c3a7402becca891f12739b3e9fd2dc2adbd7a\kotlin-compiler-embeddable-1.9.0.jar;C:\Users\HP\.gradle\caches\modules-2\files-2.1\org.jetbrains.kotlin\kotlin-stdlib\1.9.0\8ee15ef0c67dc83d874f412d84378d7f0eb50b63\kotlin-stdlib-1.9.0.jar;C:\Users\HP\.gradle\caches\modules-2\files-2.1\org.jetbrains.kotlin\kotlin-script-runtime\1.9.0\4b3102cbbb7e1b58d9d1adf89563f00069ffa7d1\kotlin-script-runtime-1.9.0.jar;C:\Users\HP\.gradle\caches\modules-2\files-2.1\org.jetbrains.kotlin\kotlin-reflect\1.6.10\1cbe9c92c12a94eea200d23c2bbaedaf3daf5132\kotlin-reflect-1.6.10.jar;C:\Users\HP\.gradle\caches\modules-2\files-2.1\org.jetbrains.kotlin\kotlin-daemon-embeddable\1.9.0\186543f5e28cf8d9a0290fecc2cf34301c40a65c\kotlin-daemon-embeddable-1.9.0.jar;C:\Users\HP\.gradle\caches\modules-2\files-2.1\org.jetbrains.intellij.deps\trove4j\1.0.20200330\3afb14d5f9ceb459d724e907a21145e8ff394f02\trove4j-1.0.20200330.jar;C:\Users\HP\.gradle\caches\modules-2\files-2.1\org.jetbrains.kotlin\kotlin-stdlib-common\1.9.0\cd65c21cfd1eec4d44ef09f9f52b6d9f8a720636\kotlin-stdlib-common-1.9.0.jar;C:\Users\HP\.gradle\caches\modules-2\files-2.1\org.jetbrains\annotations\13.0\919f0dfe192fb4e063e7dacadee7f8bb9a2672a9\annotations-13.0.jar
Launcher Type: SUN_STANDARD

[Global flags]
     intx CICompilerCount                          = 3                                         {product} {ergonomic}
     uint ConcGCThreads                            = 1                                         {product} {ergonomic}
     uint G1ConcRefinementThreads                  = 4                                         {product} {ergonomic}
   size_t G1HeapRegionSize                         = 1048576                                   {product} {ergonomic}
    uintx GCDrainStackTargetSize                   = 64                                        {product} {ergonomic}
   size_t InitialHeapSize                          = 134217728                                 {product} {ergonomic}
   size_t MarkStackSize                            = 4194304                                   {product} {ergonomic}
   size_t MaxHeapSize                              = 2118123520                                {product} {ergonomic}
   size_t MaxNewSize                               = 1270874112                                {product} {ergonomic}
   size_t MinHeapDeltaBytes                        = 1048576                                   {product} {ergonomic}
   size_t MinHeapSize                              = 8388608                                   {product} {ergonomic}
    uintx NonNMethodCodeHeapSize                   = 5832780                                {pd product} {ergonomic}
    uintx NonProfiledCodeHeapSize                  = 122912730                              {pd product} {ergonomic}
    uintx ProfiledCodeHeapSize                     = 122912730                              {pd product} {ergonomic}
    uintx ReservedCodeCacheSize                    = 251658240                              {pd product} {ergonomic}
     bool SegmentedCodeCache                       = true                                      {product} {ergonomic}
   size_t SoftMaxHeapSize                          = 2118123520                             {manageable} {ergonomic}
     bool UseCompressedClassPointers               = true                           {product lp64_product} {ergonomic}
     bool UseCompressedOops                        = true                           {product lp64_product} {ergonomic}
     bool UseG1GC                                  = true                                      {product} {ergonomic}
     bool UseLargePagesIndividualAllocation        = false                                  {pd product} {ergonomic}

Logging:
Log output configuration:
 #0: stdout all=warning uptime,level,tags
 #1: stderr all=off uptime,level,tags

Environment Variables:
PATH=C:\Windows\system32;C:\Windows;C:\Windows\System32\Wbem;C:\Windows\System32\WindowsPowerShell\v1.0\;C:\Windows\System32\OpenSSH\;C:\Program Files\Git\cmd;C:\Users\HP\AppData\Local\Programs\Python\Python312\Scripts\;C:\Users\HP\AppData\Local\Programs\Python\Python312\;C:\Users\HP\AppData\Local\Programs\Python\Launcher\;C:\Users\HP\AppData\Local\Microsoft\WindowsApps;C:\Users\HP\AppData\Local\JetBrains\Toolbox\scripts;C:\Users\HP\AppData\Local\Programs\Microsoft VS Code\bin;C:\Users\HP\AppData\Local\GitHubDesktop\bin
USERNAME=HP
OS=Windows_NT
PROCESSOR_IDENTIFIER=Intel64 Family 6 Model 78 Stepping 3, GenuineIntel
TMP=C:\Users\HP\AppData\Local\Temp
TEMP=C:\Users\HP\AppData\Local\Temp



Periodic native trim disabled

JNI global refs:
JNI global refs: 11, weak refs: 13

JNI global refs memory usage: 843, weak refs: 841

Process memory usage:
Resident Set Size: 244432K (2% of 8266332K total physical memory with 473204K free physical memory)

OOME stack traces (most recent first):
Classloader memory used:
Loader jdk.internal.loader.ClassLoaders$AppClassLoader                                 : 5708K
Loader bootstrap                                                                       : 1309K
Loader java.net.URLClassLoader                                                         : 44892B
Loader jdk.internal.reflect.DelegatingClassLoader                                      : 11774B


---------------  S Y S T E M  ---------------

OS:
 Windows 10 , 64 bit Build 19041 (10.0.19041.5072)
OS uptime: 1 days 21:05 hours

CPU: total 4 (initial active 4) (2 cores per cpu, 2 threads per core) family 6 model 78 stepping 3 microcode 0xcc, cx8, cmov, fxsr, ht, mmx, 3dnowpref, sse, sse2, sse3, ssse3, sse4.1, sse4.2, popcnt, lzcnt, tsc, tscinvbit, avx, avx2, aes, erms, clmul, bmi1, bmi2, rtm, adx, fma, vzeroupper, clflush, clflushopt
Processor Information for processor 0
  Max Mhz: 2496, Current Mhz: 2396, Mhz Limit: 2396
Processor Information for processor 1
  Max Mhz: 2496, Current Mhz: 1497, Mhz Limit: 2396
Processor Information for processor 2
  Max Mhz: 2496, Current Mhz: 2396, Mhz Limit: 2396
Processor Information for processor 3
  Max Mhz: 2496, Current Mhz: 2396, Mhz Limit: 2396

Memory: 4k page, system-wide physical 8072M (462M free)
TotalPageFile size 9977M (AvailPageFile size 24M)
current process WorkingSet (physical memory assigned to process): 238M, peak: 241M
current process commit charge ("private bytes"): 313M, peak: 361M

vm_info: OpenJDK 64-Bit Server VM (17.0.11+0--11852314) for windows-amd64 JRE (17.0.11+0--11852314), built on May 16 2024 21:29:20 by "androidbuild" with MS VC++ 16.10 / 16.11 (VS2019)

END.
